This is pdfTeX, Version 3.14159265-2.6-1.40.21 (TeX Live 2020) (preloaded format=pdflatex 2020.4.7)  10 JUN 2020 15:09
entering extended mode
 restricted \write18 enabled.
 %&-line parsing enabled.
**final_report.tex
(./final_report.tex
LaTeX2e <2020-02-02> patch level 5
L3 programming layer <2020-03-06>
(/usr/local/texlive/2020/texmf-dist/tex/latex/base/article.cls
Document Class: article 2019/12/20 v1.4l Standard LaTeX document class
(/usr/local/texlive/2020/texmf-dist/tex/latex/base/size11.clo
File: size11.clo 2019/12/20 v1.4l Standard LaTeX file (size option)
)
\c@part=\count167
\c@section=\count168
\c@subsection=\count169
\c@subsubsection=\count170
\c@paragraph=\count171
\c@subparagraph=\count172
\c@figure=\count173
\c@table=\count174
\abovecaptionskip=\skip47
\belowcaptionskip=\skip48
\bibindent=\dimen134
)
(./naaclhlt2019.sty
(/usr/local/texlive/2020/texmf-dist/tex/latex/hyperref/hyperref.sty
Package: hyperref 2020/01/14 v7.00d Hypertext links for LaTeX

(/usr/local/texlive/2020/texmf-dist/tex/generic/ltxcmds/ltxcmds.sty
Package: ltxcmds 2019/12/15 v1.24 LaTeX kernel commands for general use (HO)
)
(/usr/local/texlive/2020/texmf-dist/tex/generic/iftex/iftex.sty
Package: iftex 2020/03/06 v1.0d TeX engine tests
)
(/usr/local/texlive/2020/texmf-dist/tex/latex/pdftexcmds/pdftexcmds.sty
Package: pdftexcmds 2019/11/24 v0.31 Utility functions of pdfTeX for LuaTeX (HO
)

(/usr/local/texlive/2020/texmf-dist/tex/generic/infwarerr/infwarerr.sty
Package: infwarerr 2019/12/03 v1.5 Providing info/warning/error messages (HO)
)
Package pdftexcmds Info: \pdf@primitive is available.
Package pdftexcmds Info: \pdf@ifprimitive is available.
Package pdftexcmds Info: \pdfdraftmode found.
)
(/usr/local/texlive/2020/texmf-dist/tex/latex/graphics/keyval.sty
Package: keyval 2014/10/28 v1.15 key=value parser (DPC)
\KV@toks@=\toks15
)
(/usr/local/texlive/2020/texmf-dist/tex/generic/kvsetkeys/kvsetkeys.sty
Package: kvsetkeys 2019/12/15 v1.18 Key value parser (HO)
)
(/usr/local/texlive/2020/texmf-dist/tex/generic/kvdefinekeys/kvdefinekeys.sty
Package: kvdefinekeys 2019-12-19 v1.6 Define keys (HO)
)
(/usr/local/texlive/2020/texmf-dist/tex/generic/pdfescape/pdfescape.sty
Package: pdfescape 2019/12/09 v1.15 Implements pdfTeX's escape features (HO)
)
(/usr/local/texlive/2020/texmf-dist/tex/latex/hycolor/hycolor.sty
Package: hycolor 2020-01-27 v1.10 Color options for hyperref/bookmark (HO)
)
(/usr/local/texlive/2020/texmf-dist/tex/latex/letltxmacro/letltxmacro.sty
Package: letltxmacro 2019/12/03 v1.6 Let assignment for LaTeX macros (HO)
)
(/usr/local/texlive/2020/texmf-dist/tex/latex/auxhook/auxhook.sty
Package: auxhook 2019-12-17 v1.6 Hooks for auxiliary files (HO)
)
(/usr/local/texlive/2020/texmf-dist/tex/latex/kvoptions/kvoptions.sty
Package: kvoptions 2019/11/29 v3.13 Key value format for package options (HO)
)
\@linkdim=\dimen135
\Hy@linkcounter=\count175
\Hy@pagecounter=\count176

(/usr/local/texlive/2020/texmf-dist/tex/latex/hyperref/pd1enc.def
File: pd1enc.def 2020/01/14 v7.00d Hyperref: PDFDocEncoding definition (HO)
Now handling font encoding PD1 ...
... no UTF-8 mapping file for font encoding PD1
)
(/usr/local/texlive/2020/texmf-dist/tex/generic/intcalc/intcalc.sty
Package: intcalc 2019/12/15 v1.3 Expandable calculations with integers (HO)
)
(/usr/local/texlive/2020/texmf-dist/tex/generic/etexcmds/etexcmds.sty
Package: etexcmds 2019/12/15 v1.7 Avoid name clashes with e-TeX commands (HO)
)
\Hy@SavedSpaceFactor=\count177
Package hyperref Info: Hyper figures OFF on input line 4547.
Package hyperref Info: Link nesting OFF on input line 4552.
Package hyperref Info: Hyper index ON on input line 4555.
Package hyperref Info: Plain pages OFF on input line 4562.
Package hyperref Info: Backreferencing OFF on input line 4567.
Package hyperref Info: Implicit mode ON; LaTeX internals redefined.
Package hyperref Info: Bookmarks ON on input line 4800.
\c@Hy@tempcnt=\count178

(/usr/local/texlive/2020/texmf-dist/tex/latex/url/url.sty
\Urlmuskip=\muskip16
Package: url 2013/09/16  ver 3.4  Verb mode for urls, etc.
)
LaTeX Info: Redefining \url on input line 5159.
\XeTeXLinkMargin=\dimen136

(/usr/local/texlive/2020/texmf-dist/tex/generic/bitset/bitset.sty
Package: bitset 2019/12/09 v1.3 Handle bit-vector datatype (HO)

(/usr/local/texlive/2020/texmf-dist/tex/generic/bigintcalc/bigintcalc.sty
Package: bigintcalc 2019/12/15 v1.5 Expandable calculations on big integers (HO
)
))
\Fld@menulength=\count179
\Field@Width=\dimen137
\Fld@charsize=\dimen138
Package hyperref Info: Hyper figures OFF on input line 6430.
Package hyperref Info: Link nesting OFF on input line 6435.
Package hyperref Info: Hyper index ON on input line 6438.
Package hyperref Info: backreferencing OFF on input line 6445.
Package hyperref Info: Link coloring OFF on input line 6450.
Package hyperref Info: Link coloring with OCG OFF on input line 6455.
Package hyperref Info: PDF/A mode OFF on input line 6460.
LaTeX Info: Redefining \ref on input line 6500.
LaTeX Info: Redefining \pageref on input line 6504.

(/usr/local/texlive/2020/texmf-dist/tex/generic/atbegshi/atbegshi.sty
Package: atbegshi 2019/12/05 v1.19 At begin shipout hook (HO)
)
\Hy@abspage=\count180
\c@Item=\count181
\c@Hfootnote=\count182
)
Package hyperref Info: Driver (autodetected): hpdftex.

(/usr/local/texlive/2020/texmf-dist/tex/latex/hyperref/hpdftex.def
File: hpdftex.def 2020/01/14 v7.00d Hyperref driver for pdfTeX

(/usr/local/texlive/2020/texmf-dist/tex/latex/atveryend/atveryend.sty
Package: atveryend 2019-12-11 v1.11 Hooks at the very end of document (HO)
Package atveryend Info: \enddocument detected (standard20110627).
)
\Fld@listcount=\count183
\c@bookmark@seq@number=\count184

(/usr/local/texlive/2020/texmf-dist/tex/latex/rerunfilecheck/rerunfilecheck.sty
Package: rerunfilecheck 2019/12/05 v1.9 Rerun checks for auxiliary files (HO)

(/usr/local/texlive/2020/texmf-dist/tex/generic/uniquecounter/uniquecounter.sty
Package: uniquecounter 2019/12/15 v1.4 Provide unlimited unique counter (HO)
)
Package uniquecounter Info: New unique counter `rerunfilecheck' on input line 2
86.
)
\Hy@SectionHShift=\skip49
) (/usr/local/texlive/2020/texmf-dist/tex/latex/xcolor/xcolor.sty
Package: xcolor 2016/05/11 v2.12 LaTeX color extensions (UK)

(/usr/local/texlive/2020/texmf-dist/tex/latex/graphics-cfg/color.cfg
File: color.cfg 2016/01/02 v1.6 sample color configuration
)
Package xcolor Info: Driver file: pdftex.def on input line 225.

(/usr/local/texlive/2020/texmf-dist/tex/latex/graphics-def/pdftex.def
File: pdftex.def 2018/01/08 v1.0l Graphics/color driver for pdftex
)
Package xcolor Info: Model `cmy' substituted by `cmy0' on input line 1348.
Package xcolor Info: Model `hsb' substituted by `rgb' on input line 1352.
Package xcolor Info: Model `RGB' extended on input line 1364.
Package xcolor Info: Model `HTML' substituted by `rgb' on input line 1366.
Package xcolor Info: Model `Hsb' substituted by `hsb' on input line 1367.
Package xcolor Info: Model `tHsb' substituted by `hsb' on input line 1368.
Package xcolor Info: Model `HSB' substituted by `hsb' on input line 1369.
Package xcolor Info: Model `Gray' substituted by `gray' on input line 1370.
Package xcolor Info: Model `wave' substituted by `hsb' on input line 1371.
)
Package hyperref Info: Option `colorlinks' set `true' on input line 105.

Conference Style for NAACL-HLT 2019
\titlebox=\skip50
\aclrulerbox=\box45
\aclrulercount=\count185
\aclruleroffset=\dimen139
\cv@lineheight=\dimen140
\cv@boxheight=\dimen141
\cv@tmpbox=\box46
\cv@refno=\count186
\cv@tot=\count187
\cv@tmpc@=\count188
\cv@tmpc=\count189
(/usr/local/texlive/2020/texmf-dist/tex/latex/caption/caption.sty
Package: caption 2020/01/03 v3.4h Customizing captions (AR)

(/usr/local/texlive/2020/texmf-dist/tex/latex/caption/caption3.sty
Package: caption3 2020/01/03 v1.8h caption3 kernel (AR)
Package caption3 Info: TeX engine: e-TeX on input line 61.
\captionmargin=\dimen142
\captionmargin@=\dimen143
\captionwidth=\dimen144
\caption@tempdima=\dimen145
\caption@indent=\dimen146
\caption@parindent=\dimen147
\caption@hangindent=\dimen148
Package caption Info: Standard document class detected.
)
\c@caption@flags=\count190
\c@continuedfloat=\count191
Package caption Info: hyperref package is loaded.
)
(/usr/local/texlive/2020/texmf-dist/tex/latex/natbib/natbib.sty
Package: natbib 2010/09/13 8.31b (PWD, AO)
\bibhang=\skip51
\bibsep=\skip52
LaTeX Info: Redefining \cite on input line 694.
\c@NAT@ctr=\count192
))
(/usr/local/texlive/2020/texmf-dist/tex/latex/psnfss/times.sty
Package: times 2005/04/12 PSNFSS-v9.2a (SPQR) 
)
(/usr/local/texlive/2020/texmf-dist/tex/latex/base/latexsym.sty
Package: latexsym 1998/08/17 v2.2e Standard LaTeX package (lasy symbols)
\symlasy=\mathgroup4
LaTeX Font Info:    Overwriting symbol font `lasy' in version `bold'
(Font)                  U/lasy/m/n --> U/lasy/b/n on input line 52.
)
(/usr/local/texlive/2020/texmf-dist/tex/latex/graphics/graphicx.sty
Package: graphicx 2019/11/30 v1.2a Enhanced LaTeX Graphics (DPC,SPQR)

(/usr/local/texlive/2020/texmf-dist/tex/latex/graphics/graphics.sty
Package: graphics 2019/11/30 v1.4a Standard LaTeX Graphics (DPC,SPQR)

(/usr/local/texlive/2020/texmf-dist/tex/latex/graphics/trig.sty
Package: trig 2016/01/03 v1.10 sin cos tan (DPC)
)
(/usr/local/texlive/2020/texmf-dist/tex/latex/graphics-cfg/graphics.cfg
File: graphics.cfg 2016/06/04 v1.11 sample graphics configuration
)
Package graphics Info: Driver file: pdftex.def on input line 105.
)
\Gin@req@height=\dimen149
\Gin@req@width=\dimen150
)
(/usr/local/texlive/2020/texmf-dist/tex/latex/l3backend/l3backend-pdfmode.def
File: l3backend-pdfmode.def 2020-03-12 L3 backend support: PDF mode
\l__kernel_color_stack_int=\count193
\l__pdf_internal_box=\box47
)
(./final_report.aux

LaTeX Warning: Label `fig:my-label' multiply defined.


LaTeX Warning: Label `fig:my-label' multiply defined.


LaTeX Warning: Label `fig:my-label' multiply defined.


LaTeX Warning: Label `fig:my-label' multiply defined.


LaTeX Warning: Label `fig:my-label' multiply defined.


LaTeX Warning: Label `fig:my-label' multiply defined.


LaTeX Warning: Label `fig:my-label' multiply defined.


LaTeX Warning: Label `fig:my-label' multiply defined.


LaTeX Warning: Label `fig:my-label' multiply defined.


LaTeX Warning: Label `table:my-label' multiply defined.


LaTeX Warning: Label `table:my-label' multiply defined.


LaTeX Warning: Label `table:my-label' multiply defined.


LaTeX Warning: Label `table:my-label' multiply defined.

)
\openout1 = `final_report.aux'.

LaTeX Font Info:    Checking defaults for OML/cmm/m/it on input line 21.
LaTeX Font Info:    ... okay on input line 21.
LaTeX Font Info:    Checking defaults for OMS/cmsy/m/n on input line 21.
LaTeX Font Info:    ... okay on input line 21.
LaTeX Font Info:    Checking defaults for OT1/cmr/m/n on input line 21.
LaTeX Font Info:    ... okay on input line 21.
LaTeX Font Info:    Checking defaults for T1/cmr/m/n on input line 21.
LaTeX Font Info:    ... okay on input line 21.
LaTeX Font Info:    Checking defaults for TS1/cmr/m/n on input line 21.
LaTeX Font Info:    ... okay on input line 21.
LaTeX Font Info:    Checking defaults for OMX/cmex/m/n on input line 21.
LaTeX Font Info:    ... okay on input line 21.
LaTeX Font Info:    Checking defaults for U/cmr/m/n on input line 21.
LaTeX Font Info:    ... okay on input line 21.
LaTeX Font Info:    Checking defaults for PD1/pdf/m/n on input line 21.
LaTeX Font Info:    ... okay on input line 21.
LaTeX Font Info:    Trying to load font information for OT1+ptm on input line 2
1.
 (/usr/local/texlive/2020/texmf-dist/tex/latex/psnfss/ot1ptm.fd
File: ot1ptm.fd 2001/06/04 font definitions for OT1/ptm.
)
\AtBeginShipoutBox=\box48
Package hyperref Info: Link coloring ON on input line 21.

(/usr/local/texlive/2020/texmf-dist/tex/latex/hyperref/nameref.sty
Package: nameref 2019/09/16 v2.46 Cross-referencing by name of section

(/usr/local/texlive/2020/texmf-dist/tex/latex/refcount/refcount.sty
Package: refcount 2019/12/15 v3.6 Data extraction from label references (HO)
)
(/usr/local/texlive/2020/texmf-dist/tex/generic/gettitlestring/gettitlestring.s
ty
Package: gettitlestring 2019/12/15 v1.6 Cleanup title references (HO)
)
\c@section@level=\count194
)
LaTeX Info: Redefining \ref on input line 21.
LaTeX Info: Redefining \pageref on input line 21.
LaTeX Info: Redefining \nameref on input line 21.
 (./final_report.out) (./final_report.out)
\@outlinefile=\write3
\openout3 = `final_report.out'.


(/usr/local/texlive/2020/texmf-dist/tex/context/base/mkii/supp-pdf.mkii
[Loading MPS to PDF converter (version 2006.09.02).]
\scratchcounter=\count195
\scratchdimen=\dimen151
\scratchbox=\box49
\nofMPsegments=\count196
\nofMParguments=\count197
\everyMPshowfont=\toks16
\MPscratchCnt=\count198
\MPscratchDim=\dimen152
\MPnumerator=\count199
\makeMPintoPDFobject=\count266
\everyMPtoPDFconversion=\toks17
) (/usr/local/texlive/2020/texmf-dist/tex/latex/epstopdf-pkg/epstopdf-base.sty
Package: epstopdf-base 2020-01-24 v2.11 Base part for package epstopdf
Package epstopdf-base Info: Redefining graphics rule for `.eps' on input line 4
85.

(/usr/local/texlive/2020/texmf-dist/tex/latex/latexconfig/epstopdf-sys.cfg
File: epstopdf-sys.cfg 2010/07/13 v1.3 Configuration of (r)epstopdf for TeX Liv
e
))
ABD: EveryShipout initializing macros
Package caption Info: Begin \AtBeginDocument code.
Package caption Info: End \AtBeginDocument code.
LaTeX Font Info:    External font `cmex10' loaded for size
(Font)              <12> on input line 22.
LaTeX Font Info:    External font `cmex10' loaded for size
(Font)              <8> on input line 22.
LaTeX Font Info:    External font `cmex10' loaded for size
(Font)              <6> on input line 22.
LaTeX Font Info:    Trying to load font information for U+lasy on input line 22
.

(/usr/local/texlive/2020/texmf-dist/tex/latex/base/ulasy.fd
File: ulasy.fd 1998/08/17 v2.2e LaTeX symbol font definitions
)
LaTeX Font Info:    Trying to load font information for OT1+pcr on input line 2
2.

(/usr/local/texlive/2020/texmf-dist/tex/latex/psnfss/ot1pcr.fd
File: ot1pcr.fd 2001/06/04 font definitions for OT1/pcr.
)
LaTeX Font Info:    Trying to load font information for TS1+ptm on input line 2
9.

(/usr/local/texlive/2020/texmf-dist/tex/latex/psnfss/ts1ptm.fd
File: ts1ptm.fd 2001/06/04 font definitions for TS1/ptm.
)
Underfull \hbox (badness 3281) in paragraph at lines 29--34
\OT1/ptm/m/n/10.95 For this project, I com-peted in the Jig-saw
 []


Underfull \hbox (badness 10000) in paragraph at lines 29--34
\OT1/ptm/m/n/10.95 Multi-lingual Toxic Com-ment Clas-si-fi-ca-tion
 []


Underfull \hbox (badness 1231) in paragraph at lines 29--34
\OT1/ptm/m/n/10.95 com-pe-ti-tion hosted on Kag-gle by Jig-saw and
 []


Underfull \hbox (badness 1331) in paragraph at lines 29--34
\OT1/ptm/m/n/10.95 Google [[]]. Jig-saw [[]], for-merly known as
 []


Underfull \hbox (badness 1221) in paragraph at lines 29--34
\OT1/ptm/m/n/10.95 have there-fore ded-i-cated \TS1/ptm/m/n/10.95 $\OT1/ptm/m/n
/10.95 50,000 to host this
 []


Underfull \hbox (badness 10000) in paragraph at lines 29--34

 []


Underfull \hbox (badness 10000) in paragraph at lines 29--34

 []


Underfull \hbox (badness 4205) in paragraph at lines 29--34
\OT1/ptm/m/n/10.95 In ad-di-tion to fine-tuning BERT mod-els, I
 []


Underfull \hbox (badness 10000) in paragraph at lines 41--54
\OT1/ptm/m/n/10.95 BERT, short for \OT1/ptm/b/n/10.95 B\OT1/ptm/m/n/10.95 idire
ctional \OT1/ptm/b/n/10.95 E\OT1/ptm/m/n/10.95 ncoder
 []


Underfull \hbox (badness 10000) in paragraph at lines 41--54
\OT1/ptm/b/n/10.95 R\OT1/ptm/m/n/10.95 epresentation from \OT1/ptm/b/n/10.95 T\
OT1/ptm/m/n/10.95 ransformers has two
 []


Underfull \hbox (badness 10000) in paragraph at lines 41--54

 []


Underfull \hbox (badness 10000) in paragraph at lines 41--54

 []


Underfull \hbox (badness 10000) in paragraph at lines 41--54

 []


Underfull \hbox (badness 2189) in paragraph at lines 41--54
\OT1/ptm/m/n/10.95 Multi-headed at-ten-tion com-putes self-attention
 []


Underfull \hbox (badness 2469) in paragraph at lines 41--54
\OT1/ptm/m/n/10.95 mul-ti-ple times in par-al-lel and in-de-pen-dently.
 []


Underfull \hbox (badness 10000) in paragraph at lines 41--54

 []


Underfull \hbox (badness 4254) in paragraph at lines 41--54
\OT1/ptm/m/n/10.95 is an at-ten-tion mech-a-nism re-lat-ing dif-fer-ent
 []


Underfull \hbox (badness 10000) in paragraph at lines 41--54

 []


Underfull \hbox (badness 4048) in paragraph at lines 41--54
\OT1/ptm/m/n/10.95 To cal-cu-late self-attention, the en-coder cre-
 []


Underfull \hbox (badness 1092) in paragraph at lines 41--54
\OT1/ptm/m/n/10.95 word of the in-put se-quence against the other
 []


Underfull \hbox (badness 10000) in paragraph at lines 41--54

 []


Underfull \hbox (badness 10000) in paragraph at lines 41--54
\OT1/ptm/m/n/10.95 Transformers also add po-si-tional en-cod-ing
 []


Underfull \hbox (badness 10000) in paragraph at lines 41--54

 []

[1{/usr/local/texlive/2020/texmf-var/fonts/map/pdftex/updmap/pdftex.map}



]
<figures/figure1.png, id=25, 238.8925pt x 130.4875pt>
File: figures/figure1.png Graphic file (type png)
<use figures/figure1.png>
Package pdftex.def Info: figures/figure1.png  used on input line 57.
(pdftex.def)             Requested size: 238.8919pt x 130.48717pt.

Overfull \hbox (19.80579pt too wide) in paragraph at lines 57--58
 [][] 
 []

<figures/figure2.png, id=29, 227.85126pt x 230.8625pt>
File: figures/figure2.png Graphic file (type png)
<use figures/figure2.png>
Package pdftex.def Info: figures/figure2.png  used on input line 63.
(pdftex.def)             Requested size: 227.8507pt x 230.86192pt.

Overfull \hbox (8.76457pt too wide) in paragraph at lines 63--64
 [][] 
 []

<figures/figure3.png, id=32, 91.34125pt x 133.49875pt>
File: figures/figure3.png Graphic file (type png)
<use figures/figure3.png>
Package pdftex.def Info: figures/figure3.png  used on input line 69.
(pdftex.def)             Requested size: 91.34102pt x 133.4984pt.
<figures/self-attention.png, id=35, 788.9475pt x 749.80125pt>
File: figures/self-attention.png Graphic file (type png)
<use figures/self-attention.png>
Package pdftex.def Info: figures/self-attention.png  used on input line 75.
(pdftex.def)             Requested size: 236.68607pt x 224.94211pt.

Overfull \hbox (17.59995pt too wide) in paragraph at lines 75--76
 [][] 
 []


Underfull \hbox (badness 1917) in paragraph at lines 82--89
\OT1/ptm/m/n/10.95 model like BERT to solve our own spe-cific
 []


Underfull \hbox (badness 10000) in paragraph at lines 82--89

 []


Underfull \hbox (badness 2269) in paragraph at lines 82--89
\OT1/ptm/m/n/10.95 BERT is pre-trained on two tasks: Masked
 []


Underfull \hbox (badness 10000) in paragraph at lines 82--89

 []


Underfull \hbox (badness 10000) in paragraph at lines 82--89

 []

[2 <./figures/figure1.png> <./figures/figure2.png> <./figures/figure3.png> <./f
igures/self-attention.png>]
Underfull \hbox (badness 2205) in paragraph at lines 93--96
\OT1/ptm/m/n/10.95 re-searchers who are work-ing on non-English
 []


Underfull \hbox (badness 10000) in paragraph at lines 93--96

 []


Underfull \hbox (badness 1845) in paragraph at lines 93--96
\OT1/ptm/m/n/10.95 XLM-RoBERTa is trained on 100 lan-guages,
 []


Underfull \hbox (badness 10000) in paragraph at lines 93--96

 []


Underfull \hbox (badness 10000) in paragraph at lines 99--100

 []


Underfull \hbox (badness 1769) in paragraph at lines 103--108
\OT1/ptm/m/n/10.95 The Jig-saw Kag-gle com-pe-ti-tion has pro-vided
 []


Underfull \hbox (badness 1348) in paragraph at lines 103--108
\OT1/ptm/m/n/10.95 train-ing set from the pre-vi-ous com-pe-ti-tion to
 []


Underfull \hbox (badness 10000) in paragraph at lines 103--108

 []


Underfull \hbox (badness 3657) in paragraph at lines 103--108
\OT1/ptm/m/n/10.95 I used the BERT and XLM-RoBERTa pre-
 []


Underfull \hbox (badness 10000) in paragraph at lines 103--108

 []


Underfull \hbox (badness 10000) in paragraph at lines 103--108

 []


Underfull \hbox (badness 10000) in paragraph at lines 111--112

 []


Underfull \hbox (badness 10000) in paragraph at lines 115--122

 []


Underfull \hbox (badness 1721) in paragraph at lines 115--122
\OT1/ptm/m/n/10.95 I will add drop out for BERT base to pre-
 []


Underfull \hbox (badness 10000) in paragraph at lines 115--122

 []


Underfull \hbox (badness 10000) in paragraph at lines 115--122

 []


Underfull \hbox (badness 3333) in paragraph at lines 115--122
\OT1/ptm/m/n/10.95 I will use bi-nary cross en-tropy with log-its
 []


Underfull \hbox (badness 10000) in paragraph at lines 115--122

 []

[3]
<figures/figure4.png, id=69, 174.6525pt x 168.63pt>
File: figures/figure4.png Graphic file (type png)
<use figures/figure4.png>
Package pdftex.def Info: figures/figure4.png  used on input line 125.
(pdftex.def)             Requested size: 174.65207pt x 168.62958pt.

Underfull \hbox (badness 10000) in paragraph at lines 133--150

 []


Underfull \hbox (badness 2376) in paragraph at lines 133--150
\OT1/ptm/m/n/10.95 Here are the steps of how Kim-CNN works
 []


Underfull \hbox (badness 10000) in paragraph at lines 133--150

 []


Underfull \hbox (badness 10000) in paragraph at lines 133--150

 []


Underfull \hbox (badness 1867) in paragraph at lines 133--150
\OT1/ptm/m/n/10.95 dings that uses three dif-fer-ent fil-ters of size
 []


Underfull \hbox (badness 10000) in paragraph at lines 133--150

 []


Underfull \hbox (badness 1038) in paragraph at lines 133--150
\OT1/ptm/m/n/10.95 (3) Ap-ply ReLU to add the abil-ity to model
 []


Underfull \hbox (badness 10000) in paragraph at lines 133--150

 []


Underfull \hbox (badness 10000) in paragraph at lines 133--150
\OT1/ptm/m/n/10.95 (4) Ap-ply 1-max pool-ing to down-sample
 []


Underfull \hbox (badness 1424) in paragraph at lines 133--150
\OT1/ptm/m/n/10.95 the out-put rep-re-sen-ta-tion of the con-vo-lu-tional
 []


Underfull \hbox (badness 10000) in paragraph at lines 133--150

 []


Underfull \hbox (badness 3000) in paragraph at lines 133--150
\OT1/ptm/m/n/10.95 (5) Con-cate-nate vec-tors af-ter 1-max pool-ing
 []


Underfull \hbox (badness 10000) in paragraph at lines 133--150

 []


Underfull \hbox (badness 10000) in paragraph at lines 133--150

 []


Underfull \hbox (badness 10000) in paragraph at lines 133--150

 []

<figures/figure5.png, id=72, 217.81375pt x 218.8175pt>
File: figures/figure5.png Graphic file (type png)
<use figures/figure5.png>
Package pdftex.def Info: figures/figure5.png  used on input line 153.
(pdftex.def)             Requested size: 217.8132pt x 218.81696pt.

Underfull \hbox (badness 1881) in paragraph at lines 163--164
\OT1/ptm/m/n/10.95 I have fine-tuned BERT and XLM-RoBERTa
 []


Underfull \hbox (badness 10000) in paragraph at lines 163--164

 []


Underfull \hbox (badness 10000) in paragraph at lines 167--175

 []


Underfull \hbox (badness 1348) in paragraph at lines 167--175
\OT1/ptm/m/n/10.95 Since the train-ing dataset is rather large and
 []


Underfull \hbox (badness 10000) in paragraph at lines 167--175

 []


Underfull \hbox (badness 1337) in paragraph at lines 167--175
\OT1/ptm/m/n/10.95 The BERT pa-per had a list of hy-per-pa-ram-e-
 []


Underfull \hbox (badness 10000) in paragraph at lines 167--175

 []


Underfull \hbox (badness 10000) in paragraph at lines 167--175

 []

[4 <./figures/figure4.png> <./figures/figure5.png>]
<figures/figure6.png, id=90, 159.59625pt x 113.42375pt>
File: figures/figure6.png Graphic file (type png)
<use figures/figure6.png>
Package pdftex.def Info: figures/figure6.png  used on input line 178.
(pdftex.def)             Requested size: 159.59584pt x 113.42346pt.
<figures/figure7.png, id=91, 161.60374pt x 114.4275pt>
File: figures/figure7.png Graphic file (type png)
<use figures/figure7.png>
Package pdftex.def Info: figures/figure7.png  used on input line 184.
(pdftex.def)             Requested size: 161.60335pt x 114.42722pt.
<figures/figure8.png, id=92, 161.60374pt x 114.4275pt>
File: figures/figure8.png Graphic file (type png)
<use figures/figure8.png>
Package pdftex.def Info: figures/figure8.png  used on input line 190.
(pdftex.def)             Requested size: 161.60335pt x 114.42722pt.
<figures/figure9.png, id=93, 161.60374pt x 114.4275pt>
File: figures/figure9.png Graphic file (type png)
<use figures/figure9.png>
Package pdftex.def Info: figures/figure9.png  used on input line 196.
(pdftex.def)             Requested size: 161.60335pt x 114.42722pt.
LaTeX Font Info:    External font `cmex10' loaded for size
(Font)              <10.95> on input line 202.

Underfull \hbox (badness 10000) in paragraph at lines 213--214

 []


Underfull \hbox (badness 10000) in paragraph at lines 215--220

 []


Underfull \hbox (badness 10000) in paragraph at lines 215--220

 []


Underfull \hbox (badness 10000) in paragraph at lines 215--220

 []


Underfull \hbox (badness 10000) in paragraph at lines 233--234

 []


Underfull \hbox (badness 10000) in paragraph at lines 235--238

 []


Underfull \hbox (badness 6559) in paragraph at lines 235--238
\OT1/ptm/m/n/10.95 My fine-tuned BERT base model achieved
 []


Underfull \hbox (badness 10000) in paragraph at lines 235--238

 []

[5 <./figures/figure6.png> <./figures/figure7.png> <./figures/figure8.png> <./f
igures/figure9.png>]
Underfull \hbox (badness 10000) in paragraph at lines 255--256

 []


Underfull \hbox (badness 10000) in paragraph at lines 273--274

 []


Underfull \hbox (badness 10000) in paragraph at lines 281--282
\OT1/ptm/m/n/10.95 After fine-tuning XLM-RoBERTa, my best
 []


Underfull \hbox (badness 10000) in paragraph at lines 281--282

 []


Underfull \hbox (badness 10000) in paragraph at lines 299--304

 []


Underfull \hbox (badness 1360) in paragraph at lines 299--304
\OT1/ptm/m/n/10.95 Also, I have found that multi-lingual mod-els
 []


Underfull \hbox (badness 10000) in paragraph at lines 299--304

 []


Underfull \hbox (badness 1571) in paragraph at lines 299--304
\OT1/ptm/m/n/10.95 Lastly, TPU is pow-er-ful es-pe-cially comes to
 []


Underfull \hbox (badness 10000) in paragraph at lines 299--304

 []

[6] (./final_report.bbl
Underfull \hbox (badness 2197) in paragraph at lines 12--17
[]\OT1/ptm/m/n/10 Alexis Con-neau, Kar-tikay Khan-del-wal, Na-man
 []


Underfull \hbox (badness 1902) in paragraph at lines 12--17
\OT1/ptm/m/n/10 Goyal, Vishrav Chaud-hary, Guil-laume Wen-zek,
 []


Underfull \hbox (badness 1502) in paragraph at lines 38--42
\OT1/ptm/m/n/10 Man-dar Joshi, Danqi Chen, Omer Levy, Mike
 []


Underfull \hbox (badness 1231) in paragraph at lines 53--57
[]\OT1/ptm/m/n/10 Ashish Vaswani, Noam Shazeer, Niki Par-mar,
 []

)
Package atveryend Info: Empty hook `BeforeClearDocument' on input line 310.
 [7

]
Package atveryend Info: Empty hook `AfterLastShipout' on input line 310.
 (./final_report.aux)
Package atveryend Info: Executing hook `AtVeryEndDocument' on input line 310.
Package atveryend Info: Executing hook `AtEndAfterFileList' on input line 310.
Package rerunfilecheck Info: File `final_report.out' has not changed.
(rerunfilecheck)             Checksum: D41D8CD98F00B204E9800998ECF8427E;0.


LaTeX Warning: There were multiply-defined labels.

Package atveryend Info: Empty hook `AtVeryVeryEnd' on input line 310.
 )
(\end occurred when \iffalse on line 346 was incomplete) 
Here is how much of TeX's memory you used:
 7406 strings out of 480608
 115326 string characters out of 5903631
 385003 words of memory out of 5000000
 23113 multiletter control sequences out of 15000+600000
 549618 words of font info for 59 fonts, out of 8000000 for 9000
 1141 hyphenation exceptions out of 8191
 49i,10n,48p,1112b,393s stack positions out of 5000i,500n,10000p,200000b,80000s
{/usr/local/texlive/202
0/texmf-dist/fonts/enc/dvips/base/8r.enc}</usr/local/texlive/2020/texmf-dist/fo
nts/type1/urw/courier/ucrr8a.pfb></usr/local/texlive/2020/texmf-dist/fonts/type
1/urw/times/utmb8a.pfb></usr/local/texlive/2020/texmf-dist/fonts/type1/urw/time
s/utmr8a.pfb></usr/local/texlive/2020/texmf-dist/fonts/type1/urw/times/utmri8a.
pfb>
Output written on final_report.pdf (7 pages, 318525 bytes).
PDF statistics:
 157 PDF objects out of 1000 (max. 8388607)
 117 compressed objects within 2 object streams
 52 named destinations out of 1000 (max. 500000)
 51 words of extra memory for PDF output out of 10000 (max. 10000000)

